2026-05-13 17:09:04 [INFO] === Processing: e-Shield_1.pdf ===
2026-05-13 17:09:04 [DEBUG] Dependency status: {'pymupdf': True, 'pytesseract': True, 'pdf2image': True, 'pillow': True, 'ocrmypdf': True, 'tesseract': True, 'pdftoppm': True}
2026-05-13 17:09:04 [INFO] Detecting PDF type...
2026-05-13 17:09:04 [INFO] PDF type: scanned | pages=2 | text_chars=0
2026-05-13 17:09:04 [DEBUG] Running: ocrmypdf --skip-text --optimize 1 -l spa+eng /Users/andresmunoz/Documents/GitHub/Beslock/wp-content/themes/beslock-custom/User manuals/ext-images/e-shield/source-of-truth/manuals/e-Shield_1.pdf /Users/andresmunoz/Documents/GitHub/Beslock/generated_manuals_supplemental/e-shield-1/e-Shield_1.searchable.pdf
2026-05-13 17:09:18 [WARNING] ocrmypdf failed (rc=3): OCR engine does not have language data for the following requested languages: 
spa
Please install the appropriate language data for your OCR engine.

See the online documentation for instructions:
    https://ocrmypdf.readthedocs.io/en/latest/languages.html

Note: most languages are identified by a 3-letter ISO 639-2 Code.
For example, English is 'eng', German is 'deu', and Spanish is 'spa'.
Simplified Chinese is 'chi_sim' and Traditional Chinese is 'chi_tra'.
2026-05-13 17:09:18 [INFO] Running fallback pdf2image+pytesseract OCR on e-Shield_1.pdf...
2026-05-13 17:09:18 [DEBUG] Converting PDF to images with pdf2image at 300 DPI
2026-05-13 17:09:24 [DEBUG] OCR page 1/2
2026-05-13 17:09:32 [DEBUG] OCR page 2/2
2026-05-13 17:09:38 [INFO] pytesseract OCR complete: 2 pages, avg_conf=88.5%
2026-05-13 17:09:38 [INFO] Raw text: 6680 characters after cleaning
2026-05-13 17:09:38 [INFO] Structure: sections=3 specs=3 steps=0 warnings=2 features=0 app=1
2026-05-13 17:09:38 [INFO] Outputs written to: /Users/andresmunoz/Documents/GitHub/Beslock/generated_manuals_supplemental/e-shield-1
2026-05-13 17:09:38 [INFO] ✓ e-Shield_1.pdf: scanned=True pages=2 avg_confidence=88.5% method=pytesseract
