2026-05-07 06:30:07	START\t2026-05-07 06:30:07
2026-05-07 06:30:07	[UPDATED]\tslug:e-prime\tpost_id:201
2026-05-07 06:30:07	[CREATED]\tslug:e-shield\tpost_id:240
2026-05-07 06:30:07	[UPDATED]\tslug:e-flex\tpost_id:197
2026-05-07 06:30:07	[UPDATED]\tslug:e-touch\tpost_id:195
2026-05-07 06:30:07	[UPDATED]\tslug:e-orbit\tpost_id:193
2026-05-07 06:30:07	[UPDATED]\tslug:e-nova\tpost_id:191
2026-05-07 06:30:07	COMPLETE\tcreated:1\tupdated:5\tskipped:0
2026-05-07 06:40:45	START\t2026-05-07 06:40:45
2026-05-07 06:40:46	[IMAGE_REUSED]\tfilename:e-prime_.webp\tattachment_id:119
2026-05-07 06:40:46	[FEATURED_ASSIGNED]\tslug:e-prime\tattachment_id:119\tfilename:e-prime_.webp
2026-05-07 06:40:46	[UPDATED]\tslug:e-prime\tpost_id:201
2026-05-07 06:40:46	[IMAGE_REUSED]\tfilename:e-shield_.webp\tattachment_id:120
2026-05-07 06:40:46	[FEATURED_ASSIGNED]\tslug:e-shield\tattachment_id:120\tfilename:e-shield_.webp
2026-05-07 06:40:46	[IMAGE_REUSED]\tfilename:e-shield_e.webp\tattachment_id:121
2026-05-07 06:40:46	[GALLERY_ASSIGNED]\tslug:e-shield\tgallery_count:1
2026-05-07 06:40:46	[UPDATED]\tslug:e-shield\tpost_id:240
2026-05-07 06:40:46	[IMAGE_REUSED]\tfilename:e-flex_.webp\tattachment_id:66
2026-05-07 06:40:46	[FEATURED_ASSIGNED]\tslug:e-flex\tattachment_id:66\tfilename:e-flex_.webp
2026-05-07 06:40:46	[UPDATED]\tslug:e-flex\tpost_id:197
2026-05-07 06:40:46	[IMAGE_REUSED]\tfilename:e-touch_.webp\tattachment_id:122
2026-05-07 06:40:46	[FEATURED_ASSIGNED]\tslug:e-touch\tattachment_id:122\tfilename:e-touch_.webp
2026-05-07 06:40:46	[IMAGE_REUSED]\tfilename:e-touch_c.webp\tattachment_id:123
2026-05-07 06:40:46	[GALLERY_ASSIGNED]\tslug:e-touch\tgallery_count:1
2026-05-07 06:40:46	[UPDATED]\tslug:e-touch\tpost_id:195
2026-05-07 06:40:46	[IMAGE_REUSED]\tfilename:e-orbit_.webp\tattachment_id:118
2026-05-07 06:40:46	[FEATURED_ASSIGNED]\tslug:e-orbit\tattachment_id:118\tfilename:e-orbit_.webp
2026-05-07 06:40:46	[UPDATED]\tslug:e-orbit\tpost_id:193
2026-05-07 06:40:46	[IMAGE_REUSED]\tfilename:e-nova_.webp\tattachment_id:116
2026-05-07 06:40:46	[FEATURED_ASSIGNED]\tslug:e-nova\tattachment_id:116\tfilename:e-nova_.webp
2026-05-07 06:40:46	[IMAGE_REUSED]\tfilename:e-nova_s.webp\tattachment_id:117
2026-05-07 06:40:46	[GALLERY_ASSIGNED]\tslug:e-nova\tgallery_count:1
2026-05-07 06:40:46	[UPDATED]\tslug:e-nova\tpost_id:191
2026-05-07 06:40:46	COMPLETE\tcreated:0\tupdated:6\tskipped:0
