Summary:
Created: 0
Updated: 6
Skipped: 0
Missing images: 1
Duplicated slugs: 0

Log:
Reused existing attachment for e-flex.webp: 14
Reused existing attachment for e-flex.webp: 14
Reused existing attachment for e-nova.webp: 15
Reused existing attachment for e-nova.webp: 15
Reused existing attachment for e-orbit.webp: 17
Missing gallery image for e-orbit: e-orbit_2_hero.png
Reused existing attachment for e-orbit.webp: 17
Reused existing attachment for e-orbit.webp: 17
Reused existing attachment for e-prime.webp: 18
Reused existing attachment for e-prime.webp: 18
Reused existing attachment for e-shield.webp: 19
Reused existing attachment for e-shield.webp: 19
Reused existing attachment for e-touch.webp: 21
Reused existing attachment for e-touch.webp: 21